<?xml version="1.0" encoding="UTF-8"?><testsuite errors="0" failures="0" name="com.bestbuy.testsuite.ProductTest" skipped="0" tests="5" time="40.12" timestamp="2020-05-27T21:37:53.657+01:00[Europe/London]"><testcase classname="com.bestbuy.testsuite.ProductTest" name="This test will get a specific product by Id"/><testcase classname="com.bestbuy.testsuite.ProductTest" name="This test will get products with a limit of 10"/><testcase classname="com.bestbuy.testsuite.ProductTest" name="This test will provide an error code of 400 when user tries to access an invalid resource"/><testcase classname="com.bestbuy.testsuite.ProductTest" name="This test will create a new product"/><testcase classname="com.bestbuy.testsuite.ProductTest" name="This test will update an existing new product"/></testsuite>